# JRE version: Java(TM) SE Runtime Environment (8.0_181-b13) (build 1.8.0_181-b13)
# Java VM: Java HotSpot(TM) 64-Bit Server VM (25.181-b13 mixed mode linux-amd64 compressed oops)
Heap:
 PSYoungGen      total 164864K, used 77907K [0x00000000ebf80000, 0x00000000f7c80000, 0x0000000100000000)
  eden space 157184K, 49% used [0x00000000ebf80000,0x00000000f0b94e88,0x00000000f5900000)
  from space 7680K, 0% used [0x00000000f6000000,0x00000000f6000000,0x00000000f6780000)
  to   space 7168K, 0% used [0x00000000f5900000,0x00000000f5900000,0x00000000f6000000)
 ParOldGen       total 36864K, used 9318K [0x00000000c3e00000, 0x00000000c6200000, 0x00000000ebf80000)
  object space 36864K, 25% used [0x00000000c3e00000,0x00000000c4719b60,0x00000000c6200000)
 Metaspace       used 40932K, capacity 41924K, committed 42072K, reserved 1085440K
  class space    used 5713K, capacity 5994K, committed 6016K, reserved 1048576K
GC Heap History (10 events):
Event: 3,106 GC heap before
{Heap before GC invocations=8 (full 1):
 PSYoungGen      total 67584K, used 4280K [0x00000000ebf80000, 0x00000000f4480000, 0x0000000100000000)
  eden space 62464K, 0% used [0x00000000ebf80000,0x00000000ebf80000,0x00000000efc80000)
  from space 5120K, 83% used [0x00000000efc80000,0x00000000f00ae030,0x00000000f0180000)
  to   space 5632K, 0% used [0x00000000f3f00000,0x00000000f3f00000,0x00000000f4480000)
 ParOldGen       total 42496K, used 4197K [0x00000000c3e00000, 0x00000000c6780000, 0x00000000ebf80000)
  object space 42496K, 9% used [0x00000000c3e00000,0x00000000c4219740,0x00000000c6780000)
 Metaspace       used 20708K, capacity 21022K, committed 21248K, reserved 1067008K
  class space    used 2568K, capacity 2697K, committed 2816K, reserved 1048576K
Event: 3,164 GC heap after
Heap after GC invocations=8 (full 1):
 PSYoungGen      total 67584K, used 0K [0x00000000ebf80000, 0x00000000f4480000, 0x0000000100000000)
  eden space 62464K, 0% used [0x00000000ebf80000,0x00000000ebf80000,0x00000000efc80000)
  from space 5120K, 0% used [0x00000000efc80000,0x00000000efc80000,0x00000000f0180000)
  to   space 5632K, 0% used [0x00000000f3f00000,0x00000000f3f00000,0x00000000f4480000)
 ParOldGen       total 27648K, used 6377K [0x00000000c3e00000, 0x00000000c5900000, 0x00000000ebf80000)
  object space 27648K, 23% used [0x00000000c3e00000,0x00000000c443a7c0,0x00000000c5900000)
 Metaspace       used 20708K, capacity 21022K, committed 21248K, reserved 1067008K
  class space    used 2568K, capacity 2697K, committed 2816K, reserved 1048576K
}
Event: 4,015 GC heap before
{Heap before GC invocations=9 (full 1):
 PSYoungGen      total 67584K, used 62464K [0x00000000ebf80000, 0x00000000f4480000, 0x0000000100000000)
  eden space 62464K, 100% used [0x00000000ebf80000,0x00000000efc80000,0x00000000efc80000)
  from space 5120K, 0% used [0x00000000efc80000,0x00000000efc80000,0x00000000f0180000)
  to   space 5632K, 0% used [0x00000000f3f00000,0x00000000f3f00000,0x00000000f4480000)
 ParOldGen       total 27648K, used 6377K [0x00000000c3e00000, 0x00000000c5900000, 0x00000000ebf80000)
  object space 27648K, 23% used [0x00000000c3e00000,0x00000000c443a7c0,0x00000000c5900000)
 Metaspace       used 25046K, capacity 25460K, committed 25856K, reserved 1071104K
  class space    used 3183K, capacity 3322K, committed 3328K, reserved 1048576K
Event: 4,022 GC heap after
Heap after GC invocations=9 (full 1):
 PSYoungGen      total 114176K, used 4191K [0x00000000ebf80000, 0x00000000f4380000, 0x0000000100000000)
  eden space 109568K, 0% used [0x00000000ebf80000,0x00000000ebf80000,0x00000000f2a80000)
  from space 4608K, 90% used [0x00000000f3f00000,0x00000000f4317fb0,0x00000000f4380000)
  to   space 5632K, 0% used [0x00000000f3880000,0x00000000f3880000,0x00000000f3e00000)
 ParOldGen       total 27648K, used 6385K [0x00000000c3e00000, 0x00000000c5900000, 0x00000000ebf80000)
  object space 27648K, 23% used [0x00000000c3e00000,0x00000000c443c7c0,0x00000000c5900000)
 Metaspace       used 25046K, capacity 25460K, committed 25856K, reserved 1071104K
  class space    used 3183K, capacity 3322K, committed 3328K, reserved 1048576K
}
Event: 5,440 GC heap before
{Heap before GC invocations=10 (full 1):
 PSYoungGen      total 114176K, used 113759K [0x00000000ebf80000, 0x00000000f4380000, 0x0000000100000000)
  eden space 109568K, 100% used [0x00000000ebf80000,0x00000000f2a80000,0x00000000f2a80000)
  from space 4608K, 90% used [0x00000000f3f00000,0x00000000f4317fb0,0x00000000f4380000)
  to   space 5632K, 0% used [0x00000000f3880000,0x00000000f3880000,0x00000000f3e00000)
 ParOldGen       total 27648K, used 6385K [0x00000000c3e00000, 0x00000000c5900000, 0x00000000ebf80000)
  object space 27648K, 23% used [0x00000000c3e00000,0x00000000c443c7c0,0x00000000c5900000)
 Metaspace       used 31973K, capacity 32456K, committed 32896K, reserved 1077248K
  class space    used 4289K, capacity 4440K, committed 4480K, reserved 1048576K
Event: 5,461 GC heap after
Heap after GC invocations=10 (full 1):
 PSYoungGen      total 129536K, used 5630K [0x00000000ebf80000, 0x00000000f6780000, 0x0000000100000000)
  eden space 123904K, 0% used [0x00000000ebf80000,0x00000000ebf80000,0x00000000f3880000)
  from space 5632K, 99% used [0x00000000f3880000,0x00000000f3dffb50,0x00000000f3e00000)
  to   space 7680K, 0% used [0x00000000f6000000,0x00000000f6000000,0x00000000f6780000)
 ParOldGen       total 27648K, used 8624K [0x00000000c3e00000, 0x00000000c5900000, 0x00000000ebf80000)
  object space 27648K, 31% used [0x00000000c3e00000,0x00000000c466c350,0x00000000c5900000)
 Metaspace       used 31973K, capacity 32456K, committed 32896K, reserved 1077248K
  class space    used 4289K, capacity 4440K, committed 4480K, reserved 1048576K
}
Event: 5,854 GC heap before
{Heap before GC invocations=11 (full 1):
 PSYoungGen      total 129536K, used 34581K [0x00000000ebf80000, 0x00000000f6780000, 0x0000000100000000)
  eden space 123904K, 23% used [0x00000000ebf80000,0x00000000edbc58b0,0x00000000f3880000)
  from space 5632K, 99% used [0x00000000f3880000,0x00000000f3dffb50,0x00000000f3e00000)
  to   space 7680K, 0% used [0x00000000f6000000,0x00000000f6000000,0x00000000f6780000)
 ParOldGen       total 27648K, used 8624K [0x00000000c3e00000, 0x00000000c5900000, 0x00000000ebf80000)
  object space 27648K, 31% used [0x00000000c3e00000,0x00000000c466c350,0x00000000c5900000)
 Metaspace       used 34542K, capacity 35122K, committed 35416K, reserved 1079296K
  class space    used 4731K, capacity 4899K, committed 4992K, reserved 1048576K
Event: 5,885 GC heap after
Heap after GC invocations=11 (full 1):
 PSYoungGen      total 164864K, used 3888K [0x00000000ebf80000, 0x00000000f7c80000, 0x0000000100000000)
  eden space 157184K, 0% used [0x00000000ebf80000,0x00000000ebf80000,0x00000000f5900000)
  from space 7680K, 50% used [0x00000000f6000000,0x00000000f63cc040,0x00000000f6780000)
  to   space 7168K, 0% used [0x00000000f5900000,0x00000000f5900000,0x00000000f6000000)
 ParOldGen       total 27648K, used 9536K [0x00000000c3e00000, 0x00000000c5900000, 0x00000000ebf80000)
  object space 27648K, 34% used [0x00000000c3e00000,0x00000000c4750360,0x00000000c5900000)
 Metaspace       used 34542K, capacity 35122K, committed 35416K, reserved 1079296K
  class space    used 4731K, capacity 4899K, committed 4992K, reserved 1048576K
}
Event: 5,885 GC heap before
{Heap before GC invocations=12 (full 2):
 PSYoungGen      total 164864K, used 3888K [0x00000000ebf80000, 0x00000000f7c80000, 0x0000000100000000)
  eden space 157184K, 0% used [0x00000000ebf80000,0x00000000ebf80000,0x00000000f5900000)
  from space 7680K, 50% used [0x00000000f6000000,0x00000000f63cc040,0x00000000f6780000)
  to   space 7168K, 0% used [0x00000000f5900000,0x00000000f5900000,0x00000000f6000000)
 ParOldGen       total 27648K, used 9536K [0x00000000c3e00000, 0x00000000c5900000, 0x00000000ebf80000)
  object space 27648K, 34% used [0x00000000c3e00000,0x00000000c4750360,0x00000000c5900000)
 Metaspace       used 34542K, capacity 35122K, committed 35416K, reserved 1079296K
  class space    used 4731K, capacity 4899K, committed 4992K, reserved 1048576K
Event: 5,944 GC heap after
Heap after GC invocations=12 (full 2):
 PSYoungGen      total 164864K, used 0K [0x00000000ebf80000, 0x00000000f7c80000, 0x0000000100000000)
  eden space 157184K, 0% used [0x00000000ebf80000,0x00000000ebf80000,0x00000000f5900000)
  from space 7680K, 0% used [0x00000000f6000000,0x00000000f6000000,0x00000000f6780000)
  to   space 7168K, 0% used [0x00000000f5900000,0x00000000f5900000,0x00000000f6000000)
 ParOldGen       total 36864K, used 9318K [0x00000000c3e00000, 0x00000000c6200000, 0x00000000ebf80000)
  object space 36864K, 25% used [0x00000000c3e00000,0x00000000c4719b60,0x00000000c6200000)
 Metaspace       used 34542K, capacity 35122K, committed 35416K, reserved 1079296K
  class space    used 4731K, capacity 4899K, committed 4992K, reserved 1048576K
}

