# JRE version: Java(TM) SE Runtime Environment (8.0_181-b13) (build 1.8.0_181-b13)
# Java VM: Java HotSpot(TM) 64-Bit Server VM (25.181-b13 mixed mode linux-amd64 compressed oops)
Heap:
 PSYoungGen      total 115712K, used 28159K [0x00000000ebf80000, 0x00000000f3b80000, 0x0000000100000000)
  eden space 108544K, 25% used [0x00000000ebf80000,0x00000000edaffda8,0x00000000f2980000)
  from space 7168K, 0% used [0x00000000f3480000,0x00000000f3480000,0x00000000f3b80000)
  to   space 9216K, 0% used [0x00000000f2980000,0x00000000f2980000,0x00000000f3280000)
 ParOldGen       total 41984K, used 11273K [0x00000000c3e00000, 0x00000000c6700000, 0x00000000ebf80000)
  object space 41984K, 26% used [0x00000000c3e00000,0x00000000c49027e0,0x00000000c6700000)
 Metaspace       used 39283K, capacity 40312K, committed 40448K, reserved 1083392K
  class space    used 5602K, capacity 5866K, committed 5888K, reserved 1048576K
GC Heap History (10 events):
Event: 1,857 GC heap before
{Heap before GC invocations=6 (full 0):
 PSYoungGen      total 34304K, used 8080K [0x00000000ebf80000, 0x00000000f0c80000, 0x0000000100000000)
  eden space 31744K, 17% used [0x00000000ebf80000,0x00000000ec4ec050,0x00000000ede80000)
  from space 2560K, 98% used [0x00000000ede80000,0x00000000ee0f8208,0x00000000ee100000)
  to   space 7680K, 0% used [0x00000000f0500000,0x00000000f0500000,0x00000000f0c80000)
 ParOldGen       total 42496K, used 7271K [0x00000000c3e00000, 0x00000000c6780000, 0x00000000ebf80000)
  object space 42496K, 17% used [0x00000000c3e00000,0x00000000c4519d10,0x00000000c6780000)
 Metaspace       used 20696K, capacity 21054K, committed 21248K, reserved 1067008K
  class space    used 2667K, capacity 2793K, committed 2816K, reserved 1048576K
Event: 1,869 GC heap after
Heap after GC invocations=6 (full 0):
 PSYoungGen      total 70144K, used 3280K [0x00000000ebf80000, 0x00000000f0b80000, 0x0000000100000000)
  eden space 63488K, 0% used [0x00000000ebf80000,0x00000000ebf80000,0x00000000efd80000)
  from space 6656K, 49% used [0x00000000f0500000,0x00000000f0834238,0x00000000f0b80000)
  to   space 7168K, 0% used [0x00000000efd80000,0x00000000efd80000,0x00000000f0480000)
 ParOldGen       total 42496K, used 7271K [0x00000000c3e00000, 0x00000000c6780000, 0x00000000ebf80000)
  object space 42496K, 17% used [0x00000000c3e00000,0x00000000c4519d10,0x00000000c6780000)
 Metaspace       used 20696K, capacity 21054K, committed 21248K, reserved 1067008K
  class space    used 2667K, capacity 2793K, committed 2816K, reserved 1048576K
}
Event: 1,869 GC heap before
{Heap before GC invocations=7 (full 1):
 PSYoungGen      total 70144K, used 3280K [0x00000000ebf80000, 0x00000000f0b80000, 0x0000000100000000)
  eden space 63488K, 0% used [0x00000000ebf80000,0x00000000ebf80000,0x00000000efd80000)
  from space 6656K, 49% used [0x00000000f0500000,0x00000000f0834238,0x00000000f0b80000)
  to   space 7168K, 0% used [0x00000000efd80000,0x00000000efd80000,0x00000000f0480000)
 ParOldGen       total 42496K, used 7271K [0x00000000c3e00000, 0x00000000c6780000, 0x00000000ebf80000)
  object space 42496K, 17% used [0x00000000c3e00000,0x00000000c4519d10,0x00000000c6780000)
 Metaspace       used 20696K, capacity 21054K, committed 21248K, reserved 1067008K
  class space    used 2667K, capacity 2793K, committed 2816K, reserved 1048576K
Event: 1,901 GC heap after
Heap after GC invocations=7 (full 1):
 PSYoungGen      total 70144K, used 0K [0x00000000ebf80000, 0x00000000f0b80000, 0x0000000100000000)
  eden space 63488K, 0% used [0x00000000ebf80000,0x00000000ebf80000,0x00000000efd80000)
  from space 6656K, 0% used [0x00000000f0500000,0x00000000f0500000,0x00000000f0b80000)
  to   space 7168K, 0% used [0x00000000efd80000,0x00000000efd80000,0x00000000f0480000)
 ParOldGen       total 32256K, used 8389K [0x00000000c3e00000, 0x00000000c5d80000, 0x00000000ebf80000)
  object space 32256K, 26% used [0x00000000c3e00000,0x00000000c46316a8,0x00000000c5d80000)
 Metaspace       used 20696K, capacity 21054K, committed 21248K, reserved 1067008K
  class space    used 2667K, capacity 2793K, committed 2816K, reserved 1048576K
}
Event: 2,908 GC heap before
{Heap before GC invocations=8 (full 1):
 PSYoungGen      total 70144K, used 63488K [0x00000000ebf80000, 0x00000000f0b80000, 0x0000000100000000)
  eden space 63488K, 100% used [0x00000000ebf80000,0x00000000efd80000,0x00000000efd80000)
  from space 6656K, 0% used [0x00000000f0500000,0x00000000f0500000,0x00000000f0b80000)
  to   space 7168K, 0% used [0x00000000efd80000,0x00000000efd80000,0x00000000f0480000)
 ParOldGen       total 32256K, used 8389K [0x00000000c3e00000, 0x00000000c5d80000, 0x00000000ebf80000)
  object space 32256K, 26% used [0x00000000c3e00000,0x00000000c46316a8,0x00000000c5d80000)
 Metaspace       used 28361K, capacity 28846K, committed 29184K, reserved 1075200K
  class space    used 3882K, capacity 4049K, committed 4096K, reserved 1048576K
Event: 2,915 GC heap after
Heap after GC invocations=8 (full 1):
 PSYoungGen      total 70656K, used 7148K [0x00000000ebf80000, 0x00000000f3d00000, 0x0000000100000000)
  eden space 63488K, 0% used [0x00000000ebf80000,0x00000000ebf80000,0x00000000efd80000)
  from space 7168K, 99% used [0x00000000efd80000,0x00000000f047b0a0,0x00000000f0480000)
  to   space 8704K, 0% used [0x00000000f3480000,0x00000000f3480000,0x00000000f3d00000)
 ParOldGen       total 32256K, used 9014K [0x00000000c3e00000, 0x00000000c5d80000, 0x00000000ebf80000)
  object space 32256K, 27% used [0x00000000c3e00000,0x00000000c46cda58,0x00000000c5d80000)
 Metaspace       used 28361K, capacity 28846K, committed 29184K, reserved 1075200K
  class space    used 3882K, capacity 4049K, committed 4096K, reserved 1048576K
}
Event: 3,661 GC heap before
{Heap before GC invocations=9 (full 1):
 PSYoungGen      total 70656K, used 29523K [0x00000000ebf80000, 0x00000000f3d00000, 0x0000000100000000)
  eden space 63488K, 35% used [0x00000000ebf80000,0x00000000ed559e00,0x00000000efd80000)
  from space 7168K, 99% used [0x00000000efd80000,0x00000000f047b0a0,0x00000000f0480000)
  to   space 8704K, 0% used [0x00000000f3480000,0x00000000f3480000,0x00000000f3d00000)
 ParOldGen       total 32256K, used 9014K [0x00000000c3e00000, 0x00000000c5d80000, 0x00000000ebf80000)
  object space 32256K, 27% used [0x00000000c3e00000,0x00000000c46cda58,0x00000000c5d80000)
 Metaspace       used 34512K, capacity 35256K, committed 35416K, reserved 1079296K
  class space    used 4899K, capacity 5106K, committed 5120K, reserved 1048576K
Event: 3,670 GC heap after
Heap after GC invocations=9 (full 1):
 PSYoungGen      total 115712K, used 6751K [0x00000000ebf80000, 0x00000000f3b80000, 0x0000000100000000)
  eden space 108544K, 0% used [0x00000000ebf80000,0x00000000ebf80000,0x00000000f2980000)
  from space 7168K, 94% used [0x00000000f3480000,0x00000000f3b17fa0,0x00000000f3b80000)
  to   space 9216K, 0% used [0x00000000f2980000,0x00000000f2980000,0x00000000f3280000)
 ParOldGen       total 32256K, used 9022K [0x00000000c3e00000, 0x00000000c5d80000, 0x00000000ebf80000)
  object space 32256K, 27% used [0x00000000c3e00000,0x00000000c46cfa58,0x00000000c5d80000)
 Metaspace       used 34512K, capacity 35256K, committed 35416K, reserved 1079296K
  class space    used 4899K, capacity 5106K, committed 5120K, reserved 1048576K
}
Event: 3,670 GC heap before
{Heap before GC invocations=10 (full 2):
 PSYoungGen      total 115712K, used 6751K [0x00000000ebf80000, 0x00000000f3b80000, 0x0000000100000000)
  eden space 108544K, 0% used [0x00000000ebf80000,0x00000000ebf80000,0x00000000f2980000)
  from space 7168K, 94% used [0x00000000f3480000,0x00000000f3b17fa0,0x00000000f3b80000)
  to   space 9216K, 0% used [0x00000000f2980000,0x00000000f2980000,0x00000000f3280000)
 ParOldGen       total 32256K, used 9022K [0x00000000c3e00000, 0x00000000c5d80000, 0x00000000ebf80000)
  object space 32256K, 27% used [0x00000000c3e00000,0x00000000c46cfa58,0x00000000c5d80000)
 Metaspace       used 34512K, capacity 35256K, committed 35416K, reserved 1079296K
  class space    used 4899K, capacity 5106K, committed 5120K, reserved 1048576K
Event: 3,717 GC heap after
Heap after GC invocations=10 (full 2):
 PSYoungGen      total 115712K, used 0K [0x00000000ebf80000, 0x00000000f3b80000, 0x0000000100000000)
  eden space 108544K, 0% used [0x00000000ebf80000,0x00000000ebf80000,0x00000000f2980000)
  from space 7168K, 0% used [0x00000000f3480000,0x00000000f3480000,0x00000000f3b80000)
  to   space 9216K, 0% used [0x00000000f2980000,0x00000000f2980000,0x00000000f3280000)
 ParOldGen       total 41984K, used 11273K [0x00000000c3e00000, 0x00000000c6700000, 0x00000000ebf80000)
  object space 41984K, 26% used [0x00000000c3e00000,0x00000000c49027e0,0x00000000c6700000)
 Metaspace       used 34512K, capacity 35256K, committed 35416K, reserved 1079296K
  class space    used 4899K, capacity 5106K, committed 5120K, reserved 1048576K
}

